<?xml version="1.0" encoding="UTF-8"?>
<testng-results ignored="0" total="1" passed="1" failed="0" skipped="0">
  <reporter-output>
  </reporter-output>
  <suite started-at="2024-08-02T14:56:11 IST" name="Default suite" finished-at="2024-08-02T14:56:18 IST" duration-ms="6790">
    <groups>
    </groups>
    <test started-at="2024-08-02T14:56:11 IST" name="Default test" finished-at="2024-08-02T14:56:18 IST" duration-ms="6790">
      <class name="palywright.incognito">
        <test-method signature="setUp()[pri:0, instance:palywright.incognito@48bb62]" started-at="2024-08-02T14:56:11 IST" name="setUp" finished-at="2024-08-02T14:56:18 IST" duration-ms="6727" status="PASS">
          <reporter-output>
          </reporter-output>
        </test-method> <!-- setUp -->
      </class> <!-- palywright.incognito -->
    </test> <!-- Default test -->
  </suite> <!-- Default suite -->
</testng-results>
